# JRE version: Java(TM) SE Runtime Environment (7.0_51-b13) (build 1.7.0_51-b13)
# Java VM: Java HotSpot(TM) Server VM (24.51-b03 mixed mode windows-x86 )
Heap
 PSYoungGen      total 243456K, used 239899K [0x35540000, 0x45540000, 0x45540000)
  eden space 225792K, 98% used [0x35540000,0x42e49df0,0x431c0000)
  from space 17664K, 99% used [0x431c0000,0x442fce38,0x44300000)
  to   space 18688K, 99% used [0x44300000,0x4553f218,0x45540000)
 ParOldGen       total 93952K, used 49532K [0x15540000, 0x1b100000, 0x35540000)
  object space 93952K, 52% used [0x15540000,0x1859f358,0x1b100000)
 PSPermGen       total 33536K, used 31135K [0x05540000, 0x07600000, 0x15540000)
  object space 33536K, 92% used [0x05540000,0x073a7c58,0x07600000)
GC Heap History (10 events):
Event: 8.785 GC heap after
Heap after GC invocations=17 (full 2):
 PSYoungGen      total 246528K, used 0K [0x35540000, 0x45540000, 0x45540000)
  eden space 230912K, 0% used [0x35540000,0x35540000,0x436c0000)
  from space 15616K, 0% used [0x436c0000,0x436c0000,0x44600000)
  to   space 15616K, 0% used [0x44600000,0x44600000,0x45540000)
 ParOldGen       total 93952K, used 45998K [0x15540000, 0x1b100000, 0x35540000)
  object space 93952K, 48% used [0x15540000,0x1822bb78,0x1b100000)
 PSPermGen       total 33536K, used 21642K [0x05540000, 0x07600000, 0x15540000)
  object space 33536K, 64% used [0x05540000,0x06a629a8,0x07600000)
}
Event: 9.150 GC heap before
{Heap before GC invocations=18 (full 2):
 PSYoungGen      total 246528K, used 230912K [0x35540000, 0x45540000, 0x45540000)
  eden space 230912K, 100% used [0x35540000,0x436c0000,0x436c0000)
  from space 15616K, 0% used [0x436c0000,0x436c0000,0x44600000)
  to   space 15616K, 0% used [0x44600000,0x44600000,0x45540000)
 ParOldGen       total 93952K, used 45998K [0x15540000, 0x1b100000, 0x35540000)
  object space 93952K, 48% used [0x15540000,0x1822bb78,0x1b100000)
 PSPermGen       total 33536K, used 23778K [0x05540000, 0x07600000, 0x15540000)
  object space 33536K, 70% used [0x05540000,0x06c789d0,0x07600000)
Event: 9.177 GC heap after
Heap after GC invocations=18 (full 2):
 PSYoungGen      total 240384K, used 4114K [0x35540000, 0x45540000, 0x45540000)
  eden space 224768K, 0% used [0x35540000,0x35540000,0x430c0000)
  from space 15616K, 26% used [0x44600000,0x44a04a08,0x45540000)
  to   space 18688K, 0% used [0x430c0000,0x430c0000,0x44300000)
 ParOldGen       total 93952K, used 45998K [0x15540000, 0x1b100000, 0x35540000)
  object space 93952K, 48% used [0x15540000,0x1822bb78,0x1b100000)
 PSPermGen       total 33536K, used 23778K [0x05540000, 0x07600000, 0x15540000)
  object space 33536K, 70% used [0x05540000,0x06c789d0,0x07600000)
}
Event: 9.627 GC heap before
{Heap before GC invocations=19 (full 2):
 PSYoungGen      total 240384K, used 225458K [0x35540000, 0x45540000, 0x45540000)
  eden space 224768K, 98% used [0x35540000,0x42d67f18,0x430c0000)
  from space 15616K, 26% used [0x44600000,0x44a04a08,0x45540000)
  to   space 18688K, 0% used [0x430c0000,0x430c0000,0x44300000)
 ParOldGen       total 93952K, used 45998K [0x15540000, 0x1b100000, 0x35540000)
  object space 93952K, 48% used [0x15540000,0x1822bb78,0x1b100000)
 PSPermGen       total 33536K, used 26488K [0x05540000, 0x07600000, 0x15540000)
  object space 33536K, 78% used [0x05540000,0x06f1e0d0,0x07600000)
Event: 9.636 GC heap after
Heap after GC invocations=19 (full 2):
 PSYoungGen      total 243456K, used 6262K [0x35540000, 0x45540000, 0x45540000)
  eden space 224768K, 0% used [0x35540000,0x35540000,0x430c0000)
  from space 18688K, 33% used [0x430c0000,0x436ddb18,0x44300000)
  to   space 17664K, 0% used [0x44400000,0x44400000,0x45540000)
 ParOldGen       total 93952K, used 46002K [0x15540000, 0x1b100000, 0x35540000)
  object space 93952K, 48% used [0x15540000,0x1822cb78,0x1b100000)
 PSPermGen       total 33536K, used 26488K [0x05540000, 0x07600000, 0x15540000)
  object space 33536K, 78% used [0x05540000,0x06f1e0d0,0x07600000)
}
Event: 10.062 GC heap before
{Heap before GC invocations=20 (full 2):
 PSYoungGen      total 243456K, used 230637K [0x35540000, 0x45540000, 0x45540000)
  eden space 224768K, 99% used [0x35540000,0x4305da98,0x430c0000)
  from space 18688K, 33% used [0x430c0000,0x436ddb18,0x44300000)
  to   space 17664K, 0% used [0x44400000,0x44400000,0x45540000)
 ParOldGen       total 93952K, used 46002K [0x15540000, 0x1b100000, 0x35540000)
  object space 93952K, 48% used [0x15540000,0x1822cb78,0x1b100000)
 PSPermGen       total 33536K, used 28428K [0x05540000, 0x07600000, 0x15540000)
  object space 33536K, 84% used [0x05540000,0x07103290,0x07600000)
Event: 10.071 GC heap after
Heap after GC invocations=20 (full 2):
 PSYoungGen      total 242432K, used 10421K [0x35540000, 0x45440000, 0x45540000)
  eden space 225792K, 0% used [0x35540000,0x35540000,0x431c0000)
  from space 16640K, 62% used [0x44400000,0x44e2d7c8,0x45440000)
  to   space 17664K, 0% used [0x431c0000,0x431c0000,0x44300000)
 ParOldGen       total 93952K, used 46002K [0x15540000, 0x1b100000, 0x35540000)
  object space 93952K, 48% used [0x15540000,0x1822cb78,0x1b100000)
 PSPermGen       total 33536K, used 28428K [0x05540000, 0x07600000, 0x15540000)
  object space 33536K, 84% used [0x05540000,0x07103290,0x07600000)
}
Event: 10.859 GC heap before
{Heap before GC invocations=21 (full 2):
 PSYoungGen      total 242432K, used 236213K [0x35540000, 0x45440000, 0x45540000)
  eden space 225792K, 100% used [0x35540000,0x431c0000,0x431c0000)
  from space 16640K, 62% used [0x44400000,0x44e2d7c8,0x45440000)
  to   space 17664K, 0% used [0x431c0000,0x431c0000,0x44300000)
 ParOldGen       total 93952K, used 46002K [0x15540000, 0x1b100000, 0x35540000)
  object space 93952K, 48% used [0x15540000,0x1822cb78,0x1b100000)
 PSPermGen       total 33536K, used 29954K [0x05540000, 0x07600000, 0x15540000)
  object space 33536K, 89% used [0x05540000,0x072809a0,0x07600000)
Event: 10.880 GC heap after
Heap after GC invocations=21 (full 2):
 PSYoungGen      total 243456K, used 17651K [0x35540000, 0x45540000, 0x45540000)
  eden space 225792K, 0% used [0x35540000,0x35540000,0x431c0000)
  from space 17664K, 99% used [0x431c0000,0x442fce38,0x44300000)
  to   space 18688K, 0% used [0x44300000,0x44300000,0x45540000)
 ParOldGen       total 93952K, used 47755K [0x15540000, 0x1b100000, 0x35540000)
  object space 93952K, 50% used [0x15540000,0x183e2ed0,0x1b100000)
 PSPermGen       total 33536K, used 29954K [0x05540000, 0x07600000, 0x15540000)
  object space 33536K, 89% used [0x05540000,0x072809a0,0x07600000)
}
Event: 11.301 GC heap before
{Heap before GC invocations=22 (full 2):
 PSYoungGen      total 243456K, used 239899K [0x35540000, 0x45540000, 0x45540000)
  eden space 225792K, 98% used [0x35540000,0x42e49df0,0x431c0000)
  from space 17664K, 99% used [0x431c0000,0x442fce38,0x44300000)
  to   space 18688K, 0% used [0x44300000,0x44300000,0x45540000)
 ParOldGen       total 93952K, used 47755K [0x15540000, 0x1b100000, 0x35540000)
  object space 93952K, 50% used [0x15540000,0x183e2ed0,0x1b100000)
 PSPermGen       total 33536K, used 31135K [0x05540000, 0x07600000, 0x15540000)
  object space 33536K, 92% used [0x05540000,0x073a7c58,0x07600000)

