# JRE version: Java(TM) SE Runtime Environment (7.0_51-b13) (build 1.7.0_51-b13)
# Java VM: Java HotSpot(TM) Server VM (24.51-b03 mixed mode windows-x86 )
Heap
 PSYoungGen      total 246528K, used 237275K [0x35540000, 0x45540000, 0x45540000)
  eden space 230912K, 95% used [0x35540000,0x42db9648,0x436c0000)
  from space 15616K, 99% used [0x436c0000,0x445fd860,0x44600000)
  to   space 15616K, 99% used [0x44600000,0x4553cf58,0x45540000)
 ParOldGen       total 88576K, used 50515K [0x15540000, 0x1abc0000, 0x35540000)
  object space 88576K, 57% used [0x15540000,0x18694f30,0x1abc0000)
 PSPermGen       total 34048K, used 31296K [0x05540000, 0x07680000, 0x15540000)
  object space 34048K, 91% used [0x05540000,0x073d0208,0x07680000)
GC Heap History (10 events):
Event: 9.177 GC heap after
Heap after GC invocations=17 (full 2):
 PSYoungGen      total 249600K, used 2330K [0x35540000, 0x45540000, 0x45540000)
  eden space 237056K, 0% used [0x35540000,0x35540000,0x43cc0000)
  from space 12544K, 18% used [0x43cc0000,0x43f068d8,0x44900000)
  to   space 12544K, 0% used [0x44900000,0x44900000,0x45540000)
 ParOldGen       total 88576K, used 42788K [0x15540000, 0x1abc0000, 0x35540000)
  object space 88576K, 48% used [0x15540000,0x17f091f0,0x1abc0000)
 PSPermGen       total 34048K, used 22060K [0x05540000, 0x07680000, 0x15540000)
  object space 34048K, 64% used [0x05540000,0x06acb178,0x07680000)
}
Event: 9.559 GC heap before
{Heap before GC invocations=18 (full 2):
 PSYoungGen      total 249600K, used 233224K [0x35540000, 0x45540000, 0x45540000)
  eden space 237056K, 97% used [0x35540000,0x436bba10,0x43cc0000)
  from space 12544K, 18% used [0x43cc0000,0x43f068d8,0x44900000)
  to   space 12544K, 0% used [0x44900000,0x44900000,0x45540000)
 ParOldGen       total 88576K, used 42788K [0x15540000, 0x1abc0000, 0x35540000)
  object space 88576K, 48% used [0x15540000,0x17f091f0,0x1abc0000)
 PSPermGen       total 34048K, used 23957K [0x05540000, 0x07680000, 0x15540000)
  object space 34048K, 70% used [0x05540000,0x06ca5530,0x07680000)
Event: 9.604 GC heap after
Heap after GC invocations=18 (full 2):
 PSYoungGen      total 247040K, used 4828K [0x35540000, 0x45540000, 0x45540000)
  eden space 234496K, 0% used [0x35540000,0x35540000,0x43a40000)
  from space 12544K, 38% used [0x44900000,0x44db7360,0x45540000)
  to   space 13824K, 0% used [0x43a40000,0x43a40000,0x447c0000)
 ParOldGen       total 88576K, used 42788K [0x15540000, 0x1abc0000, 0x35540000)
  object space 88576K, 48% used [0x15540000,0x17f091f0,0x1abc0000)
 PSPermGen       total 34048K, used 23957K [0x05540000, 0x07680000, 0x15540000)
  object space 34048K, 70% used [0x05540000,0x06ca5530,0x07680000)
}
Event: 10.098 GC heap before
{Heap before GC invocations=19 (full 2):
 PSYoungGen      total 247040K, used 239324K [0x35540000, 0x45540000, 0x45540000)
  eden space 234496K, 100% used [0x35540000,0x43a40000,0x43a40000)
  from space 12544K, 38% used [0x44900000,0x44db7360,0x45540000)
  to   space 13824K, 0% used [0x43a40000,0x43a40000,0x447c0000)
 ParOldGen       total 88576K, used 42788K [0x15540000, 0x1abc0000, 0x35540000)
  object space 88576K, 48% used [0x15540000,0x17f091f0,0x1abc0000)
 PSPermGen       total 34048K, used 27786K [0x05540000, 0x07680000, 0x15540000)
  object space 34048K, 81% used [0x05540000,0x07062820,0x07680000)
Event: 10.105 GC heap after
Heap after GC invocations=19 (full 2):
 PSYoungGen      total 243712K, used 9049K [0x35540000, 0x45540000, 0x45540000)
  eden space 234496K, 0% used [0x35540000,0x35540000,0x43a40000)
  from space 9216K, 98% used [0x43a40000,0x44316560,0x44340000)
  to   space 14080K, 0% used [0x44780000,0x44780000,0x45540000)
 ParOldGen       total 88576K, used 42792K [0x15540000, 0x1abc0000, 0x35540000)
  object space 88576K, 48% used [0x15540000,0x17f0a1f0,0x1abc0000)
 PSPermGen       total 34048K, used 27786K [0x05540000, 0x07680000, 0x15540000)
  object space 34048K, 81% used [0x05540000,0x07062820,0x07680000)
}
Event: 10.433 GC heap before
{Heap before GC invocations=20 (full 2):
 PSYoungGen      total 243712K, used 243545K [0x35540000, 0x45540000, 0x45540000)
  eden space 234496K, 100% used [0x35540000,0x43a40000,0x43a40000)
  from space 9216K, 98% used [0x43a40000,0x44316560,0x44340000)
  to   space 14080K, 0% used [0x44780000,0x44780000,0x45540000)
 ParOldGen       total 88576K, used 42792K [0x15540000, 0x1abc0000, 0x35540000)
  object space 88576K, 48% used [0x15540000,0x17f0a1f0,0x1abc0000)
 PSPermGen       total 34048K, used 28642K [0x05540000, 0x07680000, 0x15540000)
  object space 34048K, 84% used [0x05540000,0x07138950,0x07680000)
Event: 10.444 GC heap after
Heap after GC invocations=20 (full 2):
 PSYoungGen      total 244992K, used 12678K [0x35540000, 0x45540000, 0x45540000)
  eden space 230912K, 0% used [0x35540000,0x35540000,0x436c0000)
  from space 14080K, 90% used [0x44780000,0x453e1ab0,0x45540000)
  to   space 15616K, 0% used [0x436c0000,0x436c0000,0x44600000)
 ParOldGen       total 88576K, used 42792K [0x15540000, 0x1abc0000, 0x35540000)
  object space 88576K, 48% used [0x15540000,0x17f0a1f0,0x1abc0000)
 PSPermGen       total 34048K, used 28642K [0x05540000, 0x07680000, 0x15540000)
  object space 34048K, 84% used [0x05540000,0x07138950,0x07680000)
}
Event: 11.123 GC heap before
{Heap before GC invocations=21 (full 2):
 PSYoungGen      total 244992K, used 243590K [0x35540000, 0x45540000, 0x45540000)
  eden space 230912K, 100% used [0x35540000,0x436c0000,0x436c0000)
  from space 14080K, 90% used [0x44780000,0x453e1ab0,0x45540000)
  to   space 15616K, 0% used [0x436c0000,0x436c0000,0x44600000)
 ParOldGen       total 88576K, used 42792K [0x15540000, 0x1abc0000, 0x35540000)
  object space 88576K, 48% used [0x15540000,0x17f0a1f0,0x1abc0000)
 PSPermGen       total 34048K, used 30517K [0x05540000, 0x07680000, 0x15540000)
  object space 34048K, 89% used [0x05540000,0x0730d6b8,0x07680000)
Event: 11.143 GC heap after
Heap after GC invocations=21 (full 2):
 PSYoungGen      total 246528K, used 15606K [0x35540000, 0x45540000, 0x45540000)
  eden space 230912K, 0% used [0x35540000,0x35540000,0x436c0000)
  from space 15616K, 99% used [0x436c0000,0x445fd860,0x44600000)
  to   space 15616K, 0% used [0x44600000,0x44600000,0x45540000)
 ParOldGen       total 88576K, used 48548K [0x15540000, 0x1abc0000, 0x35540000)
  object space 88576K, 54% used [0x15540000,0x184a9228,0x1abc0000)
 PSPermGen       total 34048K, used 30517K [0x05540000, 0x07680000, 0x15540000)
  object space 34048K, 89% used [0x05540000,0x0730d6b8,0x07680000)
}
Event: 11.331 GC heap before
{Heap before GC invocations=22 (full 2):
 PSYoungGen      total 246528K, used 237275K [0x35540000, 0x45540000, 0x45540000)
  eden space 230912K, 95% used [0x35540000,0x42db9648,0x436c0000)
  from space 15616K, 99% used [0x436c0000,0x445fd860,0x44600000)
  to   space 15616K, 0% used [0x44600000,0x44600000,0x45540000)
 ParOldGen       total 88576K, used 48548K [0x15540000, 0x1abc0000, 0x35540000)
  object space 88576K, 54% used [0x15540000,0x184a9228,0x1abc0000)
 PSPermGen       total 34048K, used 31296K [0x05540000, 0x07680000, 0x15540000)
  object space 34048K, 91% used [0x05540000,0x073d0208,0x07680000)

