# JRE version: Java(TM) SE Runtime Environment (7.0_51-b13) (build 1.7.0_51-b13)
# Java VM: Java HotSpot(TM) Server VM (24.51-b03 mixed mode windows-x86 )
Heap
 PSYoungGen      total 246016K, used 236793K [0x35540000, 0x45540000, 0x45540000)
  eden space 230912K, 96% used [0x35540000,0x42dc14f8,0x436c0000)
  from space 15104K, 99% used [0x436c0000,0x4457d010,0x44580000)
  to   space 16128K, 99% used [0x44580000,0x4553d5e8,0x45540000)
 ParOldGen       total 90880K, used 49451K [0x15540000, 0x1ae00000, 0x35540000)
  object space 90880K, 54% used [0x15540000,0x1858ae10,0x1ae00000)
 PSPermGen       total 33792K, used 31262K [0x05540000, 0x07640000, 0x15540000)
  object space 33792K, 92% used [0x05540000,0x073c7928,0x07640000)
GC Heap History (10 events):
Event: 8.874 GC heap after
Heap after GC invocations=17 (full 2):
 PSYoungGen      total 246784K, used 0K [0x35540000, 0x45540000, 0x45540000)
  eden space 233472K, 0% used [0x35540000,0x35540000,0x43940000)
  from space 13312K, 0% used [0x43940000,0x43940000,0x44640000)
  to   space 15360K, 0% used [0x44640000,0x44640000,0x45540000)
 ParOldGen       total 90880K, used 43557K [0x15540000, 0x1ae00000, 0x35540000)
  object space 90880K, 47% used [0x15540000,0x17fc94c0,0x1ae00000)
 PSPermGen       total 33792K, used 21831K [0x05540000, 0x07640000, 0x15540000)
  object space 33792K, 64% used [0x05540000,0x06a91cf0,0x07640000)
}
Event: 9.313 GC heap before
{Heap before GC invocations=18 (full 2):
 PSYoungGen      total 246784K, used 233472K [0x35540000, 0x45540000, 0x45540000)
  eden space 233472K, 100% used [0x35540000,0x43940000,0x43940000)
  from space 13312K, 0% used [0x43940000,0x43940000,0x44640000)
  to   space 15360K, 0% used [0x44640000,0x44640000,0x45540000)
 ParOldGen       total 90880K, used 43557K [0x15540000, 0x1ae00000, 0x35540000)
  object space 90880K, 47% used [0x15540000,0x17fc94c0,0x1ae00000)
 PSPermGen       total 33792K, used 23883K [0x05540000, 0x07640000, 0x15540000)
  object space 33792K, 70% used [0x05540000,0x06c92cb8,0x07640000)
Event: 9.317 GC heap after
Heap after GC invocations=18 (full 2):
 PSYoungGen      total 246272K, used 3919K [0x35540000, 0x45540000, 0x45540000)
  eden space 230912K, 0% used [0x35540000,0x35540000,0x436c0000)
  from space 15360K, 25% used [0x44640000,0x44a13fe8,0x45540000)
  to   space 15616K, 0% used [0x436c0000,0x436c0000,0x44600000)
 ParOldGen       total 90880K, used 43557K [0x15540000, 0x1ae00000, 0x35540000)
  object space 90880K, 47% used [0x15540000,0x17fc94c0,0x1ae00000)
 PSPermGen       total 33792K, used 23883K [0x05540000, 0x07640000, 0x15540000)
  object space 33792K, 70% used [0x05540000,0x06c92cb8,0x07640000)
}
Event: 9.761 GC heap before
{Heap before GC invocations=19 (full 2):
 PSYoungGen      total 246272K, used 234831K [0x35540000, 0x45540000, 0x45540000)
  eden space 230912K, 100% used [0x35540000,0x436c0000,0x436c0000)
  from space 15360K, 25% used [0x44640000,0x44a13fe8,0x45540000)
  to   space 15616K, 0% used [0x436c0000,0x436c0000,0x44600000)
 ParOldGen       total 90880K, used 43557K [0x15540000, 0x1ae00000, 0x35540000)
  object space 90880K, 47% used [0x15540000,0x17fc94c0,0x1ae00000)
 PSPermGen       total 33792K, used 27165K [0x05540000, 0x07640000, 0x15540000)
  object space 33792K, 80% used [0x05540000,0x06fc77f8,0x07640000)
Event: 9.766 GC heap after
Heap after GC invocations=19 (full 2):
 PSYoungGen      total 237824K, used 6766K [0x35540000, 0x45400000, 0x45540000)
  eden space 230912K, 0% used [0x35540000,0x35540000,0x436c0000)
  from space 6912K, 97% used [0x436c0000,0x43d5b800,0x43d80000)
  to   space 14848K, 0% used [0x44580000,0x44580000,0x45400000)
 ParOldGen       total 90880K, used 43557K [0x15540000, 0x1ae00000, 0x35540000)
  object space 90880K, 47% used [0x15540000,0x17fc94c0,0x1ae00000)
 PSPermGen       total 33792K, used 27165K [0x05540000, 0x07640000, 0x15540000)
  object space 33792K, 80% used [0x05540000,0x06fc77f8,0x07640000)
}
Event: 10.069 GC heap before
{Heap before GC invocations=20 (full 2):
 PSYoungGen      total 237824K, used 229220K [0x35540000, 0x45400000, 0x45540000)
  eden space 230912K, 96% used [0x35540000,0x42e7db50,0x436c0000)
  from space 6912K, 97% used [0x436c0000,0x43d5b800,0x43d80000)
  to   space 14848K, 0% used [0x44580000,0x44580000,0x45400000)
 ParOldGen       total 90880K, used 43557K [0x15540000, 0x1ae00000, 0x35540000)
  object space 90880K, 47% used [0x15540000,0x17fc94c0,0x1ae00000)
 PSPermGen       total 33792K, used 28503K [0x05540000, 0x07640000, 0x15540000)
  object space 33792K, 84% used [0x05540000,0x07115d08,0x07640000)
Event: 10.078 GC heap after
Heap after GC invocations=20 (full 2):
 PSYoungGen      total 245760K, used 9777K [0x35540000, 0x45540000, 0x45540000)
  eden space 230912K, 0% used [0x35540000,0x35540000,0x436c0000)
  from space 14848K, 65% used [0x44580000,0x44f0c470,0x45400000)
  to   space 15104K, 0% used [0x436c0000,0x436c0000,0x44580000)
 ParOldGen       total 90880K, used 43557K [0x15540000, 0x1ae00000, 0x35540000)
  object space 90880K, 47% used [0x15540000,0x17fc94c0,0x1ae00000)
 PSPermGen       total 33792K, used 28503K [0x05540000, 0x07640000, 0x15540000)
  object space 33792K, 84% used [0x05540000,0x07115d08,0x07640000)
}
Event: 10.838 GC heap before
{Heap before GC invocations=21 (full 2):
 PSYoungGen      total 245760K, used 231297K [0x35540000, 0x45540000, 0x45540000)
  eden space 230912K, 95% used [0x35540000,0x42d94010,0x436c0000)
  from space 14848K, 65% used [0x44580000,0x44f0c470,0x45400000)
  to   space 15104K, 0% used [0x436c0000,0x436c0000,0x44580000)
 ParOldGen       total 90880K, used 43557K [0x15540000, 0x1ae00000, 0x35540000)
  object space 90880K, 47% used [0x15540000,0x17fc94c0,0x1ae00000)
 PSPermGen       total 33792K, used 30180K [0x05540000, 0x07640000, 0x15540000)
  object space 33792K, 89% used [0x05540000,0x072b92f0,0x07640000)
Event: 10.854 GC heap after
Heap after GC invocations=21 (full 2):
 PSYoungGen      total 246016K, used 15092K [0x35540000, 0x45540000, 0x45540000)
  eden space 230912K, 0% used [0x35540000,0x35540000,0x436c0000)
  from space 15104K, 99% used [0x436c0000,0x4457d010,0x44580000)
  to   space 16128K, 0% used [0x44580000,0x44580000,0x45540000)
 ParOldGen       total 90880K, used 48229K [0x15540000, 0x1ae00000, 0x35540000)
  object space 90880K, 53% used [0x15540000,0x184595a0,0x1ae00000)
 PSPermGen       total 33792K, used 30180K [0x05540000, 0x07640000, 0x15540000)
  object space 33792K, 89% used [0x05540000,0x072b92f0,0x07640000)
}
Event: 11.064 GC heap before
{Heap before GC invocations=22 (full 2):
 PSYoungGen      total 246016K, used 236793K [0x35540000, 0x45540000, 0x45540000)
  eden space 230912K, 96% used [0x35540000,0x42dc14f8,0x436c0000)
  from space 15104K, 99% used [0x436c0000,0x4457d010,0x44580000)
  to   space 16128K, 0% used [0x44580000,0x44580000,0x45540000)
 ParOldGen       total 90880K, used 48229K [0x15540000, 0x1ae00000, 0x35540000)
  object space 90880K, 53% used [0x15540000,0x184595a0,0x1ae00000)
 PSPermGen       total 33792K, used 31262K [0x05540000, 0x07640000, 0x15540000)
  object space 33792K, 92% used [0x05540000,0x073c7928,0x07640000)

